<?xml version="1.0" encoding="UTF-8"?>
<coverage generated="1592613825563" clover="3.2.0">
  <project timestamp="1592613825564" name="All files">
    <metrics statements="33" coveredstatements="33" conditionals="13" coveredconditionals="10" methods="10" coveredmethods="10" elements="56" coveredelements="53" complexity="0" loc="33" ncloc="33" packages="2" files="4" classes="4"/>
    <package name="src">
      <metrics statements="33" coveredstatements="33" conditionals="13" coveredconditionals="10" methods="10" coveredmethods="10"/>
      <file name="goFetch.ts" path="/Users/loriick/Documents/Dev/use-http-client/src/goFetch.ts">
        <metrics statements="7" coveredstatements="7" conditionals="8" coveredconditionals="5" methods="1" coveredmethods="1"/>
        <line num="3" count="2" type="stmt"/>
        <line num="4" count="13" type="stmt"/>
        <line num="5" count="13" type="cond" truecount="1" falsecount="1"/>
        <line num="6" count="13" type="stmt"/>
        <line num="7" count="13" type="cond" truecount="2" falsecount="2"/>
        <line num="8" count="13" type="cond" truecount="2" falsecount="0"/>
        <line num="11" count="13" type="stmt"/>
      </file>
      <file name="index.tsx" path="/Users/loriick/Documents/Dev/use-http-client/src/index.tsx">
        <metrics statements="16" coveredstatements="16" conditionals="3" coveredconditionals="3" methods="3" coveredmethods="3"/>
        <line num="11" count="24" type="stmt"/>
        <line num="12" count="24" type="stmt"/>
        <line num="13" count="24" type="stmt"/>
        <line num="15" count="24" type="stmt"/>
        <line num="16" count="8" type="stmt"/>
        <line num="17" count="8" type="stmt"/>
        <line num="18" count="8" type="stmt"/>
        <line num="19" count="8" type="cond" truecount="2" falsecount="0"/>
        <line num="20" count="4" type="stmt"/>
        <line num="21" count="4" type="stmt"/>
        <line num="22" count="4" type="stmt"/>
        <line num="23" count="4" type="stmt"/>
        <line num="25" count="4" type="stmt"/>
        <line num="26" count="4" type="stmt"/>
        <line num="29" count="8" type="stmt"/>
        <line num="32" count="24" type="stmt"/>
      </file>
      <file name="testServer.ts" path="/Users/loriick/Documents/Dev/use-http-client/src/testServer.ts">
        <metrics statements="10" coveredstatements="10" conditionals="2" coveredconditionals="2" methods="6" coveredmethods="6"/>
        <line num="5" count="1" type="stmt"/>
        <line num="7" count="1" type="stmt"/>
        <line num="13" count="1" type="stmt"/>
        <line num="14" count="1" type="stmt"/>
        <line num="20" count="2" type="cond" truecount="2" falsecount="0"/>
        <line num="21" count="1" type="stmt"/>
        <line num="24" count="1" type="stmt"/>
        <line num="28" count="1" type="stmt"/>
        <line num="29" count="1" type="stmt"/>
        <line num="30" count="5" type="stmt"/>
      </file>
    </package>
    <package name="src.utils">
      <metrics statements="0" coveredstatements="0" conditionals="0" coveredconditionals="0" methods="0" coveredmethods="0"/>
      <file name="interface.ts" path="/Users/loriick/Documents/Dev/use-http-client/src/utils/interface.ts">
        <metrics statements="0" coveredstatements="0" conditionals="0" coveredconditionals="0" methods="0" coveredmethods="0"/>
      </file>
    </package>
  </project>
</coverage>
