{"/Users/travailleur/Desktop/useHttpClient/src/goFetch.ts": {"path":"/Users/travailleur/Desktop/useHttpClient/src/goFetch.ts","statementMap":{"0":{"start":{"line":3,"column":16},"end":{"line":12,"column":1}},"1":{"start":{"line":4,"column":39},"end":{"line":4,"column":66}},"2":{"start":{"line":5,"column":2},"end":{"line":5,"column":59}},"3":{"start":{"line":5,"column":17},"end":{"line":5,"column":59}},"4":{"start":{"line":6,"column":28},"end":{"line":6,"column":69}},"5":{"start":{"line":7,"column":2},"end":{"line":7,"column":55}},"6":{"start":{"line":7,"column":38},"end":{"line":7,"column":55}},"7":{"start":{"line":8,"column":21},"end":{"line":10,"column":29}},"8":{"start":{"line":11,"column":2},"end":{"line":11,"column":45}}},"fnMap":{"0":{"name":"(anonymous_0)","decl":{"start":{"line":3,"column":16},"end":{"line":3,"column":17}},"loc":{"start":{"line":3,"column":70},"end":{"line":12,"column":1}},"line":3}},"branchMap":{"0":{"loc":{"start":{"line":5,"column":2},"end":{"line":5,"column":59}},"type":"if","locations":[{"start":{"line":5,"column":2},"end":{"line":5,"column":59}},{"start":{"line":5,"column":2},"end":{"line":5,"column":59}}],"line":5},"1":{"loc":{"start":{"line":7,"column":2},"end":{"line":7,"column":55}},"type":"if","locations":[{"start":{"line":7,"column":2},"end":{"line":7,"column":55}},{"start":{"line":7,"column":2},"end":{"line":7,"column":55}}],"line":7},"2":{"loc":{"start":{"line":7,"column":6},"end":{"line":7,"column":36}},"type":"binary-expr","locations":[{"start":{"line":7,"column":6},"end":{"line":7,"column":24}},{"start":{"line":7,"column":28},"end":{"line":7,"column":36}}],"line":7},"3":{"loc":{"start":{"line":8,"column":21},"end":{"line":10,"column":29}},"type":"cond-expr","locations":[{"start":{"line":9,"column":6},"end":{"line":9,"column":50}},{"start":{"line":10,"column":6},"end":{"line":10,"column":29}}],"line":8}},"s":{"0":1,"1":8,"2":8,"3":0,"4":8,"5":8,"6":0,"7":8,"8":8},"f":{"0":8},"b":{"0":[0,8],"1":[0,8],"2":[8,0],"3":[4,4]},"_coverageSchema":"43e27e138ebf9cfc5966b082cf9a028302ed4184","hash":"488237673ca3b04c6009bef007825d49934d1917"}
,"/Users/travailleur/Desktop/useHttpClient/src/index.tsx": {"path":"/Users/travailleur/Desktop/useHttpClient/src/index.tsx","statementMap":{"0":{"start":{"line":9,"column":32},"end":{"line":9,"column":61}},"1":{"start":{"line":10,"column":28},"end":{"line":10,"column":63}},"2":{"start":{"line":11,"column":26},"end":{"line":11,"column":61}},"3":{"start":{"line":13,"column":2},"end":{"line":28,"column":12}},"4":{"start":{"line":14,"column":21},"end":{"line":26,"column":5}},"5":{"start":{"line":15,"column":6},"end":{"line":25,"column":7}},"6":{"start":{"line":16,"column":20},"end":{"line":16,"column":65}},"7":{"start":{"line":17,"column":8},"end":{"line":18,"column":70}},"8":{"start":{"line":18,"column":10},"end":{"line":18,"column":70}},"9":{"start":{"line":19,"column":21},"end":{"line":19,"column":37}},"10":{"start":{"line":20,"column":8},"end":{"line":20,"column":22}},"11":{"start":{"line":21,"column":8},"end":{"line":21,"column":26}},"12":{"start":{"line":23,"column":8},"end":{"line":23,"column":24}},"13":{"start":{"line":24,"column":8},"end":{"line":24,"column":26}},"14":{"start":{"line":27,"column":4},"end":{"line":27,"column":15}},"15":{"start":{"line":30,"column":2},"end":{"line":34,"column":4}}},"fnMap":{"0":{"name":"useHttpClient","decl":{"start":{"line":5,"column":9},"end":{"line":5,"column":22}},"loc":{"start":{"line":8,"column":2},"end":{"line":35,"column":1}},"line":8},"1":{"name":"(anonymous_1)","decl":{"start":{"line":13,"column":18},"end":{"line":13,"column":19}},"loc":{"start":{"line":13,"column":24},"end":{"line":28,"column":3}},"line":13},"2":{"name":"(anonymous_2)","decl":{"start":{"line":14,"column":21},"end":{"line":14,"column":22}},"loc":{"start":{"line":14,"column":33},"end":{"line":26,"column":5}},"line":14}},"branchMap":{"0":{"loc":{"start":{"line":7,"column":2},"end":{"line":7,"column":58}},"type":"default-arg","locations":[{"start":{"line":7,"column":41},"end":{"line":7,"column":58}}],"line":7},"1":{"loc":{"start":{"line":17,"column":8},"end":{"line":18,"column":70}},"type":"if","locations":[{"start":{"line":17,"column":8},"end":{"line":18,"column":70}},{"start":{"line":17,"column":8},"end":{"line":18,"column":70}}],"line":17}},"s":{"0":24,"1":24,"2":24,"3":24,"4":8,"5":8,"6":8,"7":8,"8":4,"9":4,"10":4,"11":4,"12":4,"13":4,"14":8,"15":24},"f":{"0":24,"1":8,"2":8},"b":{"0":[6],"1":[4,4]},"_coverageSchema":"43e27e138ebf9cfc5966b082cf9a028302ed4184","hash":"a6bd293bc7cd17a0ef8092f27ba071610e414f3e"}
,"/Users/travailleur/Desktop/useHttpClient/src/utils/interface.ts": {"path":"/Users/travailleur/Desktop/useHttpClient/src/utils/interface.ts","statementMap":{},"fnMap":{},"branchMap":{},"s":{},"f":{},"b":{},"hash":"8283777f7e589ee27909c82fd4f4c9837b6deda3"}
}
