{"/Users/loriick/Documents/Dev/use-http-client/src/goFetch.ts": {"path":"/Users/loriick/Documents/Dev/use-http-client/src/goFetch.ts","statementMap":{"0":{"start":{"line":3,"column":16},"end":{"line":12,"column":1}},"1":{"start":{"line":4,"column":39},"end":{"line":4,"column":66}},"2":{"start":{"line":5,"column":2},"end":{"line":5,"column":59}},"3":{"start":{"line":5,"column":17},"end":{"line":5,"column":59}},"4":{"start":{"line":6,"column":28},"end":{"line":6,"column":69}},"5":{"start":{"line":7,"column":2},"end":{"line":7,"column":55}},"6":{"start":{"line":7,"column":38},"end":{"line":7,"column":55}},"7":{"start":{"line":8,"column":21},"end":{"line":10,"column":29}},"8":{"start":{"line":11,"column":2},"end":{"line":11,"column":45}}},"fnMap":{"0":{"name":"(anonymous_0)","decl":{"start":{"line":3,"column":16},"end":{"line":3,"column":17}},"loc":{"start":{"line":3,"column":70},"end":{"line":12,"column":1}},"line":3}},"branchMap":{"0":{"loc":{"start":{"line":5,"column":2},"end":{"line":5,"column":59}},"type":"if","locations":[{"start":{"line":5,"column":2},"end":{"line":5,"column":59}},{"start":{"line":5,"column":2},"end":{"line":5,"column":59}}],"line":5},"1":{"loc":{"start":{"line":7,"column":2},"end":{"line":7,"column":55}},"type":"if","locations":[{"start":{"line":7,"column":2},"end":{"line":7,"column":55}},{"start":{"line":7,"column":2},"end":{"line":7,"column":55}}],"line":7},"2":{"loc":{"start":{"line":7,"column":6},"end":{"line":7,"column":36}},"type":"binary-expr","locations":[{"start":{"line":7,"column":6},"end":{"line":7,"column":24}},{"start":{"line":7,"column":28},"end":{"line":7,"column":36}}],"line":7},"3":{"loc":{"start":{"line":8,"column":21},"end":{"line":10,"column":29}},"type":"cond-expr","locations":[{"start":{"line":9,"column":6},"end":{"line":9,"column":50}},{"start":{"line":10,"column":6},"end":{"line":10,"column":29}}],"line":8}},"s":{"0":2,"1":13,"2":13,"3":0,"4":13,"5":13,"6":0,"7":13,"8":13},"f":{"0":13},"b":{"0":[0,13],"1":[0,13],"2":[13,0],"3":[6,7]},"_coverageSchema":"43e27e138ebf9cfc5966b082cf9a028302ed4184","hash":"815ab59b1350b8500ebafcca21d568f32e1be575"}
,"/Users/loriick/Documents/Dev/use-http-client/src/index.tsx": {"path":"/Users/loriick/Documents/Dev/use-http-client/src/index.tsx","statementMap":{"0":{"start":{"line":11,"column":30},"end":{"line":11,"column":63}},"1":{"start":{"line":12,"column":28},"end":{"line":12,"column":63}},"2":{"start":{"line":13,"column":26},"end":{"line":13,"column":61}},"3":{"start":{"line":15,"column":2},"end":{"line":30,"column":12}},"4":{"start":{"line":16,"column":21},"end":{"line":28,"column":5}},"5":{"start":{"line":17,"column":6},"end":{"line":27,"column":7}},"6":{"start":{"line":18,"column":20},"end":{"line":18,"column":65}},"7":{"start":{"line":19,"column":8},"end":{"line":20,"column":70}},"8":{"start":{"line":20,"column":10},"end":{"line":20,"column":70}},"9":{"start":{"line":21,"column":21},"end":{"line":21,"column":37}},"10":{"start":{"line":22,"column":8},"end":{"line":22,"column":22}},"11":{"start":{"line":23,"column":8},"end":{"line":23,"column":30}},"12":{"start":{"line":25,"column":8},"end":{"line":25,"column":24}},"13":{"start":{"line":26,"column":8},"end":{"line":26,"column":30}},"14":{"start":{"line":29,"column":4},"end":{"line":29,"column":15}},"15":{"start":{"line":32,"column":2},"end":{"line":36,"column":4}}},"fnMap":{"0":{"name":"useHttpClient","decl":{"start":{"line":7,"column":9},"end":{"line":7,"column":22}},"loc":{"start":{"line":10,"column":2},"end":{"line":37,"column":1}},"line":10},"1":{"name":"(anonymous_1)","decl":{"start":{"line":15,"column":18},"end":{"line":15,"column":19}},"loc":{"start":{"line":15,"column":24},"end":{"line":30,"column":3}},"line":15},"2":{"name":"(anonymous_2)","decl":{"start":{"line":16,"column":21},"end":{"line":16,"column":22}},"loc":{"start":{"line":16,"column":33},"end":{"line":28,"column":5}},"line":16}},"branchMap":{"0":{"loc":{"start":{"line":9,"column":2},"end":{"line":9,"column":58}},"type":"default-arg","locations":[{"start":{"line":9,"column":41},"end":{"line":9,"column":58}}],"line":9},"1":{"loc":{"start":{"line":19,"column":8},"end":{"line":20,"column":70}},"type":"if","locations":[{"start":{"line":19,"column":8},"end":{"line":20,"column":70}},{"start":{"line":19,"column":8},"end":{"line":20,"column":70}}],"line":19}},"s":{"0":24,"1":24,"2":24,"3":24,"4":8,"5":8,"6":8,"7":8,"8":4,"9":4,"10":4,"11":4,"12":4,"13":4,"14":8,"15":24},"f":{"0":24,"1":8,"2":8},"b":{"0":[6],"1":[4,4]},"_coverageSchema":"43e27e138ebf9cfc5966b082cf9a028302ed4184","hash":"947355fa537789b3f1dc8296ff0a90f4713ed880"}
,"/Users/loriick/Documents/Dev/use-http-client/src/testServer.ts": {"path":"/Users/loriick/Documents/Dev/use-http-client/src/testServer.ts","statementMap":{"0":{"start":{"line":5,"column":15},"end":{"line":26,"column":1}},"1":{"start":{"line":7,"column":4},"end":{"line":10,"column":6}},"2":{"start":{"line":13,"column":4},"end":{"line":13,"column":76}},"3":{"start":{"line":14,"column":4},"end":{"line":17,"column":6}},"4":{"start":{"line":20,"column":4},"end":{"line":22,"column":5}},"5":{"start":{"line":21,"column":6},"end":{"line":21,"column":78}},"6":{"start":{"line":24,"column":4},"end":{"line":24,"column":60}},"7":{"start":{"line":28,"column":0},"end":{"line":28,"column":33}},"8":{"start":{"line":28,"column":16},"end":{"line":28,"column":31}},"9":{"start":{"line":29,"column":0},"end":{"line":29,"column":31}},"10":{"start":{"line":29,"column":15},"end":{"line":29,"column":29}},"11":{"start":{"line":30,"column":0},"end":{"line":30,"column":40}},"12":{"start":{"line":30,"column":16},"end":{"line":30,"column":38}}},"fnMap":{"0":{"name":"(anonymous_0)","decl":{"start":{"line":6,"column":52},"end":{"line":6,"column":53}},"loc":{"start":{"line":6,"column":72},"end":{"line":11,"column":3}},"line":6},"1":{"name":"(anonymous_1)","decl":{"start":{"line":12,"column":16},"end":{"line":12,"column":17}},"loc":{"start":{"line":12,"column":35},"end":{"line":18,"column":3}},"line":12},"2":{"name":"(anonymous_2)","decl":{"start":{"line":19,"column":53},"end":{"line":19,"column":54}},"loc":{"start":{"line":19,"column":72},"end":{"line":25,"column":3}},"line":19},"3":{"name":"(anonymous_3)","decl":{"start":{"line":28,"column":10},"end":{"line":28,"column":11}},"loc":{"start":{"line":28,"column":16},"end":{"line":28,"column":31}},"line":28},"4":{"name":"(anonymous_4)","decl":{"start":{"line":29,"column":9},"end":{"line":29,"column":10}},"loc":{"start":{"line":29,"column":15},"end":{"line":29,"column":29}},"line":29},"5":{"name":"(anonymous_5)","decl":{"start":{"line":30,"column":10},"end":{"line":30,"column":11}},"loc":{"start":{"line":30,"column":16},"end":{"line":30,"column":38}},"line":30}},"branchMap":{"0":{"loc":{"start":{"line":20,"column":4},"end":{"line":22,"column":5}},"type":"if","locations":[{"start":{"line":20,"column":4},"end":{"line":22,"column":5}},{"start":{"line":20,"column":4},"end":{"line":22,"column":5}}],"line":20}},"s":{"0":1,"1":1,"2":1,"3":1,"4":2,"5":1,"6":1,"7":1,"8":1,"9":1,"10":1,"11":1,"12":5},"f":{"0":1,"1":1,"2":2,"3":1,"4":1,"5":5},"b":{"0":[1,1]},"_coverageSchema":"43e27e138ebf9cfc5966b082cf9a028302ed4184","hash":"8ec0f1752d994a779da66cce47e7969253522fb6"}
,"/Users/loriick/Documents/Dev/use-http-client/src/utils/interface.ts": {"path":"/Users/loriick/Documents/Dev/use-http-client/src/utils/interface.ts","statementMap":{},"fnMap":{},"branchMap":{},"s":{},"f":{},"b":{},"hash":"bf81b072ad818603d0c0675bae6870c2a23f8d20"}
}
