TN:
SF:/Users/loriick/Documents/Dev/use-http-client/src/goFetch.ts
FN:3,(anonymous_0)
FNF:1
FNH:1
FNDA:13,(anonymous_0)
DA:3,2
DA:4,13
DA:5,13
DA:6,13
DA:7,13
DA:8,13
DA:11,13
LF:7
LH:7
BRDA:5,0,0,0
BRDA:5,0,1,13
BRDA:7,1,0,0
BRDA:7,1,1,13
BRDA:7,2,0,13
BRDA:7,2,1,0
BRDA:8,3,0,6
BRDA:8,3,1,7
BRF:8
BRH:5
end_of_record
TN:
SF:/Users/loriick/Documents/Dev/use-http-client/src/index.tsx
FN:7,useHttpClient
FN:15,(anonymous_1)
FN:16,(anonymous_2)
FNF:3
FNH:3
FNDA:24,useHttpClient
FNDA:8,(anonymous_1)
FNDA:8,(anonymous_2)
DA:11,24
DA:12,24
DA:13,24
DA:15,24
DA:16,8
DA:17,8
DA:18,8
DA:19,8
DA:20,4
DA:21,4
DA:22,4
DA:23,4
DA:25,4
DA:26,4
DA:29,8
DA:32,24
LF:16
LH:16
BRDA:9,0,0,6
BRDA:19,1,0,4
BRDA:19,1,1,4
BRF:3
BRH:3
end_of_record
TN:
SF:/Users/loriick/Documents/Dev/use-http-client/src/testServer.ts
FN:6,(anonymous_0)
FN:12,(anonymous_1)
FN:19,(anonymous_2)
FN:28,(anonymous_3)
FN:29,(anonymous_4)
FN:30,(anonymous_5)
FNF:6
FNH:6
FNDA:1,(anonymous_0)
FNDA:1,(anonymous_1)
FNDA:2,(anonymous_2)
FNDA:1,(anonymous_3)
FNDA:1,(anonymous_4)
FNDA:5,(anonymous_5)
DA:5,1
DA:7,1
DA:13,1
DA:14,1
DA:20,2
DA:21,1
DA:24,1
DA:28,1
DA:29,1
DA:30,5
LF:10
LH:10
BRDA:20,0,0,1
BRDA:20,0,1,1
BRF:2
BRH:2
end_of_record
TN:
SF:/Users/loriick/Documents/Dev/use-http-client/src/utils/interface.ts
FNF:0
FNH:0
LF:0
LH:0
BRF:0
BRH:0
end_of_record
