TN:
SF:/Users/travailleur/Desktop/useHttpClient/src/goFetch.ts
FN:3,(anonymous_0)
FNF:1
FNH:1
FNDA:8,(anonymous_0)
DA:3,1
DA:4,8
DA:5,8
DA:6,8
DA:7,8
DA:8,8
DA:11,8
LF:7
LH:7
BRDA:5,0,0,0
BRDA:5,0,1,8
BRDA:7,1,0,0
BRDA:7,1,1,8
BRDA:7,2,0,8
BRDA:7,2,1,0
BRDA:8,3,0,4
BRDA:8,3,1,4
BRF:8
BRH:5
end_of_record
TN:
SF:/Users/travailleur/Desktop/useHttpClient/src/index.tsx
FN:5,useHttpClient
FN:13,(anonymous_1)
FN:14,(anonymous_2)
FNF:3
FNH:3
FNDA:24,useHttpClient
FNDA:8,(anonymous_1)
FNDA:8,(anonymous_2)
DA:9,24
DA:10,24
DA:11,24
DA:13,24
DA:14,8
DA:15,8
DA:16,8
DA:17,8
DA:18,4
DA:19,4
DA:20,4
DA:21,4
DA:23,4
DA:24,4
DA:27,8
DA:30,24
LF:16
LH:16
BRDA:7,0,0,6
BRDA:17,1,0,4
BRDA:17,1,1,4
BRF:3
BRH:3
end_of_record
TN:
SF:/Users/travailleur/Desktop/useHttpClient/src/utils/interface.ts
FNF:0
FNH:0
LF:0
LH:0
BRF:0
BRH:0
end_of_record
